0 info it worked if it ends with ok
1 verbose cli [ '/Users/apple/.nvm/versions/node/v6.2.2/bin/node',
1 verbose cli   '/Users/apple/.nvm/versions/node/v6.2.2/bin/npm',
1 verbose cli   'v' ]
2 info using npm@3.9.5
3 info using node@v6.2.2
4 silly mapToRegistry name mobile42
5 silly mapToRegistry using default registry
6 silly mapToRegistry registry https://registry.npmjs.org/
7 silly mapToRegistry data Result {
7 silly mapToRegistry   raw: 'mobile42',
7 silly mapToRegistry   scope: null,
7 silly mapToRegistry   name: 'mobile42',
7 silly mapToRegistry   rawSpec: '',
7 silly mapToRegistry   spec: 'latest',
7 silly mapToRegistry   type: 'tag' }
8 silly mapToRegistry uri https://registry.npmjs.org/mobile42
9 verbose request uri https://registry.npmjs.org/mobile42
10 verbose request no auth needed
11 info attempt registry request try #1 at 11:55:30 AM
12 verbose request id f6370404dd527e33
13 http request GET https://registry.npmjs.org/mobile42
14 http 404 https://registry.npmjs.org/mobile42
15 verbose headers { 'content-type': 'application/json',
15 verbose headers   'cache-control': 'max-age=0',
15 verbose headers   'content-length': '2',
15 verbose headers   'accept-ranges': 'bytes',
15 verbose headers   date: 'Thu, 05 Oct 2017 03:55:31 GMT',
15 verbose headers   via: '1.1 varnish',
15 verbose headers   age: '0',
15 verbose headers   connection: 'keep-alive',
15 verbose headers   'x-served-by': 'cache-sin18029-SIN',
15 verbose headers   'x-cache': 'MISS',
15 verbose headers   'x-cache-hits': '0',
15 verbose headers   'x-timer': 'S1507175731.907431,VS0,VE1047',
15 verbose headers   vary: 'Accept-Encoding' }
16 silly get cb [ 404,
16 silly get   { 'content-type': 'application/json',
16 silly get     'cache-control': 'max-age=0',
16 silly get     'content-length': '2',
16 silly get     'accept-ranges': 'bytes',
16 silly get     date: 'Thu, 05 Oct 2017 03:55:31 GMT',
16 silly get     via: '1.1 varnish',
16 silly get     age: '0',
16 silly get     connection: 'keep-alive',
16 silly get     'x-served-by': 'cache-sin18029-SIN',
16 silly get     'x-cache': 'MISS',
16 silly get     'x-cache-hits': '0',
16 silly get     'x-timer': 'S1507175731.907431,VS0,VE1047',
16 silly get     vary: 'Accept-Encoding' } ]
17 verbose stack Error: Registry returned 404 for GET on https://registry.npmjs.org/mobile42
17 verbose stack     at makeError (/Users/apple/.nvm/versions/node/v6.2.2/lib/node_modules/npm/node_modules/npm-registry-client/lib/request.js:264:12)
17 verbose stack     at CachingRegistryClient.<anonymous> (/Users/apple/.nvm/versions/node/v6.2.2/lib/node_modules/npm/node_modules/npm-registry-client/lib/request.js:242:14)
17 verbose stack     at Request._callback (/Users/apple/.nvm/versions/node/v6.2.2/lib/node_modules/npm/node_modules/npm-registry-client/lib/request.js:172:14)
17 verbose stack     at Request.self.callback (/Users/apple/.nvm/versions/node/v6.2.2/lib/node_modules/npm/node_modules/request/request.js:200:22)
17 verbose stack     at emitTwo (events.js:106:13)
17 verbose stack     at Request.emit (events.js:191:7)
17 verbose stack     at Request.<anonymous> (/Users/apple/.nvm/versions/node/v6.2.2/lib/node_modules/npm/node_modules/request/request.js:1067:10)
17 verbose stack     at emitOne (events.js:101:20)
17 verbose stack     at Request.emit (events.js:188:7)
17 verbose stack     at IncomingMessage.<anonymous> (/Users/apple/.nvm/versions/node/v6.2.2/lib/node_modules/npm/node_modules/request/request.js:988:12)
18 verbose statusCode 404
19 verbose pkgid mobile42
20 verbose cwd /Users/apple/Desktop/42Race/mobile42
21 error Darwin 16.7.0
22 error argv "/Users/apple/.nvm/versions/node/v6.2.2/bin/node" "/Users/apple/.nvm/versions/node/v6.2.2/bin/npm" "v"
23 error node v6.2.2
24 error npm  v3.9.5
25 error code E404
26 error 404 Registry returned 404 for GET on https://registry.npmjs.org/mobile42
27 error 404
28 error 404 'mobile42' is not in the npm registry.
29 error 404 You should bug the author to publish it (or use the name yourself!)
30 error 404 Note that you can also install from a
31 error 404 tarball, folder, http url, or git url.
32 verbose exit [ 1, true ]
